funnymeet.android/build/outputs/logs/manifest-merger-debug-report.txt
-- Merging decision tree log ---
manifest
ADDED from AndroidManifest.xml:2:1
	package
		ADDED from AndroidManifest.xml:3:5
	android:versionName
		ADDED from AndroidManifest.xml:5:5
	android:versionCode
		ADDED from AndroidManifest.xml:4:5
		INJECTED from AndroidManifest.xml:0:0
		INJECTED from AndroidManifest.xml:0:0
	xmlns:android
		ADDED from AndroidManifest.xml:2:11
uses-sdk
ADDED from AndroidManifest.xml:7:5
MERGED from funnymeet_android.funnymeet.android.library:library:unspecified:7:5
MERGED from funnymeet_android:viewpagerlibrary:unspecified:7:5
MERGED from in.srain.cube:ultra-ptr:1.0.9.1-SNAPSHOT:7:5
MERGED from in.srain.cube:cube-sdk:1.0.44.33-SNAPSHOT:7:5
	android:targetSdkVersion
		ADDED from AndroidManifest.xml:9:9
	android:minSdkVersion
		ADDED from AndroidManifest.xml:8:9
uses-permission#android.permission.VIBRATE
ADDED from AndroidManifest.xml:11:5
	android:name
		ADDED from AndroidManifest.xml:11:22
uses-permission#android.permission.CAMERA
ADDED from AndroidManifest.xml:12:5
	android:name
		ADDED from AndroidManifest.xml:12:22
uses-feature#android.hardware.camera
ADDED from AndroidManifest.xml:14:5
	android:name
		ADDED from AndroidManifest.xml:14:19
uses-feature#android.hardware.camera.autofocus
ADDED from AndroidManifest.xml:15:5
	android:name
		ADDED from AndroidManifest.xml:15:19
uses-permission#android.permission.READ_CONTACTS
ADDED from AndroidManifest.xml:18:5
	android:name
		ADDED from AndroidManifest.xml:18:22
uses-permission#android.permission.WRITE_CONTACTS
ADDED from AndroidManifest.xml:20:5
	android:name
		ADDED from AndroidManifest.xml:20:22
uses-permission#android.permission.CALL_PHONE
ADDED from AndroidManifest.xml:22:5
	android:name
		ADDED from AndroidManifest.xml:22:22
uses-permission#android.permission.SEND_SMS
ADDED from AndroidManifest.xml:23:5
	android:name
		ADDED from AndroidManifest.xml:23:22
uses-permission#android.permission.READ_SMS
ADDED from AndroidManifest.xml:25:5
	android:name
		ADDED from AndroidManifest.xml:25:22
uses-permission#android.permission.INTERNET
ADDED from AndroidManifest.xml:26:5
	android:name
		ADDED from AndroidManifest.xml:26:22
uses-permission#android.permission.ACCESS_NETWORK_STATE
ADDED from AndroidManifest.xml:27:5
	android:name
		ADDED from AndroidManifest.xml:27:22
uses-permission#android.permission.ACCESS_FINE_LOCATION
ADDED from AndroidManifest.xml:28:5
	android:name
		ADDED from AndroidManifest.xml:28:22
uses-permission#android.permission.ACCESS_COARSE_LOCATION
ADDED from AndroidManifest.xml:29:5
	android:name
		ADDED from AndroidManifest.xml:29:22
uses-permission#android.permission.MOUNT_UNMOUNT_FILESYSTEMS
ADDED from AndroidManifest.xml:31:5
	android:name
		ADDED from AndroidManifest.xml:31:22
uses-permission#android.permission.WRITE_EXTERNAL_STORAGE
ADDED from AndroidManifest.xml:32:5
	android:name
		ADDED from AndroidManifest.xml:32:22
uses-permission#android.permission.SYSTEM_ALERT_WINDOW
ADDED from AndroidManifest.xml:33:5
	android:name
		ADDED from AndroidManifest.xml:33:22
uses-permission#android.permission.GET_TASKS
ADDED from AndroidManifest.xml:34:5
	android:name
		ADDED from AndroidManifest.xml:34:22
uses-permission#android.permission.ACCESS_WIFI_STATE
ADDED from AndroidManifest.xml:36:5
	android:name
		ADDED from AndroidManifest.xml:36:22
uses-permission#android.permission.CHANGE_WIFI_STATE
ADDED from AndroidManifest.xml:38:5
	android:name
		ADDED from AndroidManifest.xml:38:22
uses-permission#android.permission.READ_PHONE_STATE
ADDED from AndroidManifest.xml:39:5
	android:name
		ADDED from AndroidManifest.xml:39:22
uses-permission#android.permission.READ_LOGS
ADDED from AndroidManifest.xml:40:5
	android:name
		ADDED from AndroidManifest.xml:40:22
uses-permission#android.permission.WAKE_LOCK
ADDED from AndroidManifest.xml:41:5
	android:name
		ADDED from AndroidManifest.xml:41:22
uses-permission#android.permission.WRITE_SETTINGS
ADDED from AndroidManifest.xml:42:5
	android:name
		ADDED from AndroidManifest.xml:42:22
uses-permission#android.permission.ACCESS_DOWNLOAD_MANAGER
ADDED from AndroidManifest.xml:63:5
	android:name
		ADDED from AndroidManifest.xml:63:22
supports-screens
ADDED from AndroidManifest.xml:70:5
	android:largeScreens
		ADDED from AndroidManifest.xml:72:9
	android:smallScreens
		ADDED from AndroidManifest.xml:75:9
	android:normalScreens
		ADDED from AndroidManifest.xml:73:9
	android:resizeable
		ADDED from AndroidManifest.xml:74:9
	android:anyDensity
		ADDED from AndroidManifest.xml:71:9
uses-permission#android.permission.READ_EXTERNAL_STORAGE
ADDED from AndroidManifest.xml:77:5
	android:maxSdkVersion
		ADDED from AndroidManifest.xml:79:9
	android:name
		ADDED from AndroidManifest.xml:78:9
application
ADDED from AndroidManifest.xml:81:5
MERGED from funnymeet_android.funnymeet.android.library:library:unspecified:9:5
MERGED from in.srain.cube:ultra-ptr:1.0.9.1-SNAPSHOT:11:5
	android:label
		ADDED from AndroidManifest.xml:85:9
	android:allowBackup
		ADDED from AndroidManifest.xml:83:9
	android:icon
		ADDED from AndroidManifest.xml:84:9
	android:theme
		ADDED from AndroidManifest.xml:86:9
	android:name
		ADDED from AndroidManifest.xml:82:9
activity#com.mtcent.funnymeet.ui.activity.discovery.search.SearchActivity
ADDED from AndroidManifest.xml:94:9
	android:screenOrientation
		ADDED from AndroidManifest.xml:97:13
	android:windowSoftInputMode
		ADDED from AndroidManifest.xml:98:13
	android:configChanges
		ADDED from AndroidManifest.xml:96:13
	android:name
		ADDED from AndroidManifest.xml:95:13
activity#com.mtcent.funnymeet.ui.activity.club.ClubInfoActivity
ADDED from AndroidManifest.xml:100:9
	android:screenOrientation
		ADDED from AndroidManifest.xml:103:13
	android:windowSoftInputMode
		ADDED from AndroidManifest.xml:104:13
	android:configChanges
		ADDED from AndroidManifest.xml:102:13
	android:name
		ADDED from AndroidManifest.xml:101:13
activity#com.mtcent.funnymeet.ui.activity.my.clubconsole.MyClubGenerateInviteLinkActivity
ADDED from AndroidManifest.xml:106:9
	android:screenOrientation
		ADDED from AndroidManifest.xml:109:13
	android:windowSoftInputMode
		ADDED from AndroidManifest.xml:110:13
	android:configChanges
		ADDED from AndroidManifest.xml:108:13
	android:name
		ADDED from AndroidManifest.xml:107:13
activity#com.mtcent.funnymeet.ui.activity.club.ClubFromPhoneActivity
ADDED from AndroidManifest.xml:112:9
	android:screenOrientation
		ADDED from AndroidManifest.xml:115:13
	android:windowSoftInputMode
		ADDED from AndroidManifest.xml:116:13
	android:configChanges
		ADDED from AndroidManifest.xml:114:13
	android:name
		ADDED from AndroidManifest.xml:113:13
activity#com.mtcent.funnymeet.ui.activity.discovery.search.SearchResultListActivity
ADDED from AndroidManifest.xml:118:9
	android:screenOrientation
		ADDED from AndroidManifest.xml:121:13
	android:windowSoftInputMode
		ADDED from AndroidManifest.xml:122:13
	android:configChanges
		ADDED from AndroidManifest.xml:120:13
	android:name
		ADDED from AndroidManifest.xml:119:13
activity#com.mtcent.funnymeet.ui.activity.my.clubconsole.InviteMemberSelectTypeActivity
ADDED from AndroidManifest.xml:124:9
	android:screenOrientation
		ADDED from AndroidManifest.xml:127:13
	android:windowSoftInputMode
		ADDED from AndroidManifest.xml:128:13
	android:configChanges
		ADDED from AndroidManifest.xml:126:13
	android:name
		ADDED from AndroidManifest.xml:125:13
activity#com.mtcent.funnymeet.ui.activity.my.myprofile.MemberInformationActivity
ADDED from AndroidManifest.xml:130:9
	android:screenOrientation
		ADDED from AndroidManifest.xml:133:13
	android:windowSoftInputMode
		ADDED from AndroidManifest.xml:134:13
	android:configChanges
		ADDED from AndroidManifest.xml:132:13
	android:name
		ADDED from AndroidManifest.xml:131:13
activity#com.mtcent.funnymeet.ui.activity.MainActivity
ADDED from AndroidManifest.xml:136:9
	android:screenOrientation
		ADDED from AndroidManifest.xml:140:13
	android:launchMode
		ADDED from AndroidManifest.xml:139:13
	android:windowSoftInputMode
		ADDED from AndroidManifest.xml:142:13
	android:configChanges
		ADDED from AndroidManifest.xml:138:13
	android:theme
		ADDED from AndroidManifest.xml:141:13
	android:name
		ADDED from AndroidManifest.xml:137:13
intent-filter#android.intent.action.MAIN+android.intent.category.DEFAULT+android.intent.category.LAUNCHER
ADDED from AndroidManifest.xml:143:13
action#android.intent.action.MAIN
ADDED from AndroidManifest.xml:144:17
	android:name
		ADDED from AndroidManifest.xml:144:25
category#android.intent.category.LAUNCHER
ADDED from AndroidManifest.xml:145:17
	android:name
		ADDED from AndroidManifest.xml:145:27
category#android.intent.category.DEFAULT
ADDED from AndroidManifest.xml:146:17
	android:name
		ADDED from AndroidManifest.xml:146:27
activity#com.mtcent.funnymeet.ui.activity.my.clubconsole.MyClubNewProjectActivity
ADDED from AndroidManifest.xml:149:9
	android:screenOrientation
		ADDED from AndroidManifest.xml:152:13
	android:windowSoftInputMode
		ADDED from AndroidManifest.xml:153:13
	android:configChanges
		ADDED from AndroidManifest.xml:151:13
	android:name
		ADDED from AndroidManifest.xml:150:13
activity#com.mtcent.funnymeet.ui.activity.my.clubconsole.MyClubCheckMemberActivity
ADDED from AndroidManifest.xml:155:9
	android:screenOrientation
		ADDED from AndroidManifest.xml:158:13
	android:windowSoftInputMode
		ADDED from AndroidManifest.xml:159:13
	android:configChanges
		ADDED from AndroidManifest.xml:157:13
	android:name
		ADDED from AndroidManifest.xml:156:13
activity#com.mtcent.funnymeet.ui.activity.my.clubconsole.MyClubAssignAssitantActivity
ADDED from AndroidManifest.xml:161:9
	android:screenOrientation
		ADDED from AndroidManifest.xml:164:13
	android:windowSoftInputMode
		ADDED from AndroidManifest.xml:165:13
	android:configChanges
		ADDED from AndroidManifest.xml:163:13
	android:name
		ADDED from AndroidManifest.xml:162:13
activity#com.mtcent.funnymeet.ui.activity.my.clubconsole.MyClubDetailChangeClubNameActivity
ADDED from AndroidManifest.xml:167:9
	android:screenOrientation
		ADDED from AndroidManifest.xml:170:13
	android:windowSoftInputMode
		ADDED from AndroidManifest.xml:171:13
	android:configChanges
		ADDED from AndroidManifest.xml:169:13
	android:name
		ADDED from AndroidManifest.xml:168:13
activity#com.mtcent.funnymeet.ui.activity.my.clubconsole.MyClubHdDetailActivity
ADDED from AndroidManifest.xml:173:9
	android:screenOrientation
		ADDED from AndroidManifest.xml:176:13
	android:windowSoftInputMode
		ADDED from AndroidManifest.xml:177:13
	android:configChanges
		ADDED from AndroidManifest.xml:175:13
	android:name
		ADDED from AndroidManifest.xml:174:13
activity#com.mtcent.funnymeet.ui.activity.project.HotCityActivity
ADDED from AndroidManifest.xml:179:9
	android:screenOrientation
		ADDED from AndroidManifest.xml:182:13
	android:windowSoftInputMode
		ADDED from AndroidManifest.xml:183:13
	android:configChanges
		ADDED from AndroidManifest.xml:181:13
	android:name
		ADDED from AndroidManifest.xml:180:13
activity#com.mtcent.funnymeet.ui.activity.user.LoginProblemSmsActivity
ADDED from AndroidManifest.xml:185:9
	android:screenOrientation
		ADDED from AndroidManifest.xml:188:13
	android:windowSoftInputMode
		ADDED from AndroidManifest.xml:189:13
	android:configChanges
		ADDED from AndroidManifest.xml:187:13
	android:name
		ADDED from AndroidManifest.xml:186:13
activity#com.mtcent.funnymeet.ui.activity.my.clubconsole.MyCreateClubTypeActivity
ADDED from AndroidManifest.xml:191:9
	android:screenOrientation
		ADDED from AndroidManifest.xml:194:13
	android:windowSoftInputMode
		ADDED from AndroidManifest.xml:195:13
	android:configChanges
		ADDED from AndroidManifest.xml:193:13
	android:name
		ADDED from AndroidManifest.xml:192:13
activity#com.mtcent.funnymeet.ui.activity.my.clubconsole.MyClubsInviteMemberActivity
ADDED from AndroidManifest.xml:197:9
	android:screenOrientation
		ADDED from AndroidManifest.xml:200:13
	android:windowSoftInputMode
		ADDED from AndroidManifest.xml:201:13
	android:configChanges
		ADDED from AndroidManifest.xml:199:13
	android:name
		ADDED from AndroidManifest.xml:198:13
activity#com.mtcent.funnymeet.ui.activity.my.clubconsole.MyClubListActivity
ADDED from AndroidManifest.xml:203:9
	android:screenOrientation
		ADDED from AndroidManifest.xml:206:13
	android:windowSoftInputMode
		ADDED from AndroidManifest.xml:207:13
	android:configChanges
		ADDED from AndroidManifest.xml:205:13
	android:name
		ADDED from AndroidManifest.xml:204:13
activity#com.mtcent.funnymeet.ui.activity.my.clubconsole.MyClubDetailInfoQrCodeActivity
ADDED from AndroidManifest.xml:209:9
	android:screenOrientation
		ADDED from AndroidManifest.xml:212:13
	android:windowSoftInputMode
		ADDED from AndroidManifest.xml:213:13
	android:configChanges
		ADDED from AndroidManifest.xml:211:13
	android:name
		ADDED from AndroidManifest.xml:210:13
activity#com.mtcent.funnymeet.ui.activity.user.LoginProblemSmsIdentifyActivity
ADDED from AndroidManifest.xml:215:9
	android:screenOrientation
		ADDED from AndroidManifest.xml:218:13
	android:windowSoftInputMode
		ADDED from AndroidManifest.xml:219:13
	android:configChanges
		ADDED from AndroidManifest.xml:217:13
	android:name
		ADDED from AndroidManifest.xml:216:13
activity#com.mtcent.funnymeet.ui.activity.club.HostChatActivity
ADDED from AndroidManifest.xml:221:9
	android:screenOrientation
		ADDED from AndroidManifest.xml:224:13
	android:windowSoftInputMode
		ADDED from AndroidManifest.xml:225:13
	android:configChanges
		ADDED from AndroidManifest.xml:223:13
	android:name
		ADDED from AndroidManifest.xml:222:13
activity#com.mtcent.funnymeet.ui.activity.project.SuggestActivity
ADDED from AndroidManifest.xml:227:9
	android:screenOrientation
		ADDED from AndroidManifest.xml:230:13
	android:windowSoftInputMode
		ADDED from AndroidManifest.xml:231:13
	android:configChanges
		ADDED from AndroidManifest.xml:229:13
	android:name
		ADDED from AndroidManifest.xml:228:13
activity#com.mtcent.funnymeet.ui.activity.discovery.HDThemeSelectActivity
ADDED from AndroidManifest.xml:233:9
	android:screenOrientation
		ADDED from AndroidManifest.xml:236:13
	android:windowSoftInputMode
		ADDED from AndroidManifest.xml:237:13
	android:configChanges
		ADDED from AndroidManifest.xml:235:13
	android:name
		ADDED from AndroidManifest.xml:234:13
activity#com.mtcent.funnymeet.ui.activity.discovery.HDThemeHDListActivity
ADDED from AndroidManifest.xml:239:9
	android:screenOrientation
		ADDED from AndroidManifest.xml:242:13
	android:windowSoftInputMode
		ADDED from AndroidManifest.xml:243:13
	android:configChanges
		ADDED from AndroidManifest.xml:241:13
	android:name
		ADDED from AndroidManifest.xml:240:13
activity#com.mtcent.funnymeet.ui.activity.discovery.DiscussActivity
ADDED from AndroidManifest.xml:245:9
	android:screenOrientation
		ADDED from AndroidManifest.xml:248:13
	android:windowSoftInputMode
		ADDED from AndroidManifest.xml:249:13
	android:configChanges
		ADDED from AndroidManifest.xml:247:13
	android:name
		ADDED from AndroidManifest.xml:246:13
activity#com.mtcent.funnymeet.ui.activity.club.FindNewClubActivity
ADDED from AndroidManifest.xml:251:9
	android:screenOrientation
		ADDED from AndroidManifest.xml:254:13
	android:windowSoftInputMode
		ADDED from AndroidManifest.xml:255:13
	android:configChanges
		ADDED from AndroidManifest.xml:253:13
	android:name
		ADDED from AndroidManifest.xml:252:13
activity#com.mtcent.funnymeet.ui.activity.club.FindNewClub2Activity
ADDED from AndroidManifest.xml:257:9
	android:screenOrientation
		ADDED from AndroidManifest.xml:260:13
	android:windowSoftInputMode
		ADDED from AndroidManifest.xml:261:13
	android:configChanges
		ADDED from AndroidManifest.xml:259:13
	android:name
		ADDED from AndroidManifest.xml:258:13
activity#com.mtcent.funnymeet.ui.activity.club.PersonInfoActivity
ADDED from AndroidManifest.xml:263:9
	android:screenOrientation
		ADDED from AndroidManifest.xml:266:13
	android:windowSoftInputMode
		ADDED from AndroidManifest.xml:267:13
	android:configChanges
		ADDED from AndroidManifest.xml:265:13
	android:name
		ADDED from AndroidManifest.xml:264:13
activity#com.mtcent.funnymeet.ui.activity.discovery.HDAddressSelectActivity
ADDED from AndroidManifest.xml:269:9
	android:screenOrientation
		ADDED from AndroidManifest.xml:272:13
	android:windowSoftInputMode
		ADDED from AndroidManifest.xml:273:13
	android:configChanges
		ADDED from AndroidManifest.xml:271:13
	android:name
		ADDED from AndroidManifest.xml:270:13
activity#com.mtcent.funnymeet.ui.activity.my.clubconsole.AreaListActivity
ADDED from AndroidManifest.xml:275:9
	android:screenOrientation
		ADDED from AndroidManifest.xml:278:13
	android:windowSoftInputMode
		ADDED from AndroidManifest.xml:279:13
	android:configChanges
		ADDED from AndroidManifest.xml:277:13
	android:name
		ADDED from AndroidManifest.xml:276:13
activity#com.mtcent.funnymeet.ui.activity.discovery.CategoryActivity
ADDED from AndroidManifest.xml:281:9
	android:screenOrientation
		ADDED from AndroidManifest.xml:284:13
	android:windowSoftInputMode
		ADDED from AndroidManifest.xml:285:13
	android:configChanges
		ADDED from AndroidManifest.xml:283:13
	android:name
		ADDED from AndroidManifest.xml:282:13
activity#com.mtcent.funnymeet.ui.activity.discovery.HDCommonNewsContentActivity
ADDED from AndroidManifest.xml:287:9
	android:screenOrientation
		ADDED from AndroidManifest.xml:290:13
	android:windowSoftInputMode
		ADDED from AndroidManifest.xml:291:13
	android:configChanges
		ADDED from AndroidManifest.xml:289:13
	android:name
		ADDED from AndroidManifest.xml:288:13
activity#com.mtcent.funnymeet.ui.activity.discovery.HDHumanSelectActivity
ADDED from AndroidManifest.xml:293:9
	android:screenOrientation
		ADDED from AndroidManifest.xml:296:13
	android:windowSoftInputMode
		ADDED from AndroidManifest.xml:297:13
	android:configChanges
		ADDED from AndroidManifest.xml:295:13
	android:name
		ADDED from AndroidManifest.xml:294:13
activity#com.mtcent.funnymeet.ui.activity.discovery.HDBrandSelectActivity
ADDED from AndroidManifest.xml:299:9
	android:screenOrientation
		ADDED from AndroidManifest.xml:302:13
	android:windowSoftInputMode
		ADDED from AndroidManifest.xml:303:13
	android:configChanges
		ADDED from AndroidManifest.xml:301:13
	android:name
		ADDED from AndroidManifest.xml:300:13
activity#com.mtcent.funnymeet.ui.activity.discovery.HDDetailsActivity
ADDED from AndroidManifest.xml:305:9
	android:screenOrientation
		ADDED from AndroidManifest.xml:308:13
	android:windowSoftInputMode
		ADDED from AndroidManifest.xml:309:13
	android:configChanges
		ADDED from AndroidManifest.xml:307:13
	android:name
		ADDED from AndroidManifest.xml:306:13
activity#com.mtcent.funnymeet.ui.activity.discovery.HDTimeSelectActivity
ADDED from AndroidManifest.xml:311:9
	android:screenOrientation
		ADDED from AndroidManifest.xml:314:13
	android:windowSoftInputMode
		ADDED from AndroidManifest.xml:315:13
	android:configChanges
		ADDED from AndroidManifest.xml:313:13
	android:name
		ADDED from AndroidManifest.xml:312:13
activity#com.mtcent.funnymeet.ui.activity.user.OthersLoginActivity
ADDED from AndroidManifest.xml:317:9
	android:screenOrientation
		ADDED from AndroidManifest.xml:320:13
	android:windowSoftInputMode
		ADDED from AndroidManifest.xml:321:13
	android:configChanges
		ADDED from AndroidManifest.xml:319:13
	android:name
		ADDED from AndroidManifest.xml:318:13
activity#com.mtcent.funnymeet.ui.activity.user.PhoneRegisterSmsCodeActivity
ADDED from AndroidManifest.xml:323:9
	android:screenOrientation
		ADDED from AndroidManifest.xml:326:13
	android:windowSoftInputMode
		ADDED from AndroidManifest.xml:327:13
	android:configChanges
		ADDED from AndroidManifest.xml:325:13
	android:name
		ADDED from AndroidManifest.xml:324:13
activity#com.mtcent.funnymeet.ui.activity.user.PhoneRegisterActivity
ADDED from AndroidManifest.xml:329:9
	android:screenOrientation
		ADDED from AndroidManifest.xml:332:13
	android:windowSoftInputMode
		ADDED from AndroidManifest.xml:333:13
	android:configChanges
		ADDED from AndroidManifest.xml:331:13
	android:name
		ADDED from AndroidManifest.xml:330:13
activity#com.mtcent.funnymeet.ui.activity.user.DefaultLoginActivity
ADDED from AndroidManifest.xml:335:9
	android:screenOrientation
		ADDED from AndroidManifest.xml:338:13
	android:windowSoftInputMode
		ADDED from AndroidManifest.xml:339:13
	android:configChanges
		ADDED from AndroidManifest.xml:337:13
	android:name
		ADDED from AndroidManifest.xml:336:13
activity#com.mtcent.funnymeet.ui.activity.user.StartupActivity
ADDED from AndroidManifest.xml:341:9
	android:screenOrientation
		ADDED from AndroidManifest.xml:344:13
	android:windowSoftInputMode
		ADDED from AndroidManifest.xml:346:13
	android:configChanges
		ADDED from AndroidManifest.xml:343:13
	android:theme
		ADDED from AndroidManifest.xml:345:13
	android:name
		ADDED from AndroidManifest.xml:342:13
activity#com.mtcent.funnymeet.ui.activity.user.LoginProblemModifyPassword
ADDED from AndroidManifest.xml:348:9
	android:screenOrientation
		ADDED from AndroidManifest.xml:351:13
	android:windowSoftInputMode
		ADDED from AndroidManifest.xml:353:13
	android:configChanges
		ADDED from AndroidManifest.xml:350:13
	android:theme
		ADDED from AndroidManifest.xml:352:13
	android:name
		ADDED from AndroidManifest.xml:349:13
activity#com.mtcent.funnymeet.ui.activity.my.clubconsole.SelectImageActivity
ADDED from AndroidManifest.xml:355:9
	android:screenOrientation
		ADDED from AndroidManifest.xml:358:13
	android:windowSoftInputMode
		ADDED from AndroidManifest.xml:359:13
	android:configChanges
		ADDED from AndroidManifest.xml:357:13
	android:name
		ADDED from AndroidManifest.xml:356:13
activity#com.mtcent.funnymeet.ui.activity.my.setting.SettingActivity
ADDED from AndroidManifest.xml:361:9
	android:screenOrientation
		ADDED from AndroidManifest.xml:364:13
	android:windowSoftInputMode
		ADDED from AndroidManifest.xml:365:13
	android:configChanges
		ADDED from AndroidManifest.xml:363:13
	android:name
		ADDED from AndroidManifest.xml:362:13
activity#com.mtcent.funnymeet.ui.activity.my.myprofile.MyInformationActivity
ADDED from AndroidManifest.xml:367:9
	android:screenOrientation
		ADDED from AndroidManifest.xml:370:13
	android:windowSoftInputMode
		ADDED from AndroidManifest.xml:371:13
	android:configChanges
		ADDED from AndroidManifest.xml:369:13
	android:name
		ADDED from AndroidManifest.xml:368:13
activity#com.mtcent.funnymeet.ui.activity.my.myprofile.MyInformationModifyMySignActivity
ADDED from AndroidManifest.xml:373:9
	android:screenOrientation
		ADDED from AndroidManifest.xml:376:13
	android:windowSoftInputMode
		ADDED from AndroidManifest.xml:377:13
	android:configChanges
		ADDED from AndroidManifest.xml:375:13
	android:name
		ADDED from AndroidManifest.xml:374:13
activity#com.mtcent.funnymeet.ui.activity.my.clubconsole.MyCreateClubCompleteInfoActivity
ADDED from AndroidManifest.xml:379:9
	android:screenOrientation
		ADDED from AndroidManifest.xml:382:13
	android:windowSoftInputMode
		ADDED from AndroidManifest.xml:383:13
	android:configChanges
		ADDED from AndroidManifest.xml:381:13
	android:name
		ADDED from AndroidManifest.xml:380:13
activity#com.mtcent.funnymeet.ui.activity.my.clubconsole.MyClubDetailActivity
ADDED from AndroidManifest.xml:385:9
	android:screenOrientation
		ADDED from AndroidManifest.xml:388:13
	android:windowSoftInputMode
		ADDED from AndroidManifest.xml:389:13
	android:configChanges
		ADDED from AndroidManifest.xml:387:13
	android:name
		ADDED from AndroidManifest.xml:386:13
activity#com.mtcent.funnymeet.ui.activity.my.myprofile.MyInformationProvinceAndRegionActivity
ADDED from AndroidManifest.xml:391:9
	android:screenOrientation
		ADDED from AndroidManifest.xml:394:13
	android:windowSoftInputMode
		ADDED from AndroidManifest.xml:395:13
	android:configChanges
		ADDED from AndroidManifest.xml:393:13
	android:name
		ADDED from AndroidManifest.xml:392:13
activity#com.mtcent.funnymeet.ui.activity.my.myprofile.MyInformationModifyNicknameActivity
ADDED from AndroidManifest.xml:397:9
	android:screenOrientation
		ADDED from AndroidManifest.xml:400:13
	android:windowSoftInputMode
		ADDED from AndroidManifest.xml:401:13
	android:configChanges
		ADDED from AndroidManifest.xml:399:13
	android:name
		ADDED from AndroidManifest.xml:398:13
activity#com.mtcent.funnymeet.ui.activity.my.clubconsole.MyClubHdStartDateAndTimeActivity
ADDED from AndroidManifest.xml:403:9
	android:screenOrientation
		ADDED from AndroidManifest.xml:406:13
	android:windowSoftInputMode
		ADDED from AndroidManifest.xml:407:13
	android:configChanges
		ADDED from AndroidManifest.xml:405:13
	android:name
		ADDED from AndroidManifest.xml:404:13
activity#com.mtcent.funnymeet.ui.activity.my.myinterest.MyInterestModifyActivity
ADDED from AndroidManifest.xml:409:9
	android:screenOrientation
		ADDED from AndroidManifest.xml:412:13
	android:windowSoftInputMode
		ADDED from AndroidManifest.xml:413:13
	android:configChanges
		ADDED from AndroidManifest.xml:411:13
	android:name
		ADDED from AndroidManifest.xml:410:13
activity#com.mtcent.funnymeet.ui.activity.my.clubconsole.MyCreateClubFinishActivity
ADDED from AndroidManifest.xml:415:9
	android:screenOrientation
		ADDED from AndroidManifest.xml:418:13
	android:windowSoftInputMode
		ADDED from AndroidManifest.xml:419:13
	android:configChanges
		ADDED from AndroidManifest.xml:417:13
	android:name
		ADDED from AndroidManifest.xml:416:13
activity#com.mtcent.funnymeet.ui.activity.my.clubconsole.MyClubManagementActivity
ADDED from AndroidManifest.xml:421:9
	android:screenOrientation
		ADDED from AndroidManifest.xml:424:13
	android:windowSoftInputMode
		ADDED from AndroidManifest.xml:425:13
	android:configChanges
		ADDED from AndroidManifest.xml:423:13
	android:name
		ADDED from AndroidManifest.xml:422:13
activity#com.mtcent.funnymeet.ui.activity.my.clubconsole.MyCreateClubIconActivty
ADDED from AndroidManifest.xml:427:9
	android:screenOrientation
		ADDED from AndroidManifest.xml:430:13
	android:windowSoftInputMode
		ADDED from AndroidManifest.xml:431:13
	android:configChanges
		ADDED from AndroidManifest.xml:429:13
	android:name
		ADDED from AndroidManifest.xml:428:13
activity#com.mtcent.funnymeet.ui.activity.my.clubconsole.MyCreateClubNameActivity
ADDED from AndroidManifest.xml:433:9
	android:screenOrientation
		ADDED from AndroidManifest.xml:436:13
	android:windowSoftInputMode
		ADDED from AndroidManifest.xml:437:13
	android:configChanges
		ADDED from AndroidManifest.xml:435:13
	android:name
		ADDED from AndroidManifest.xml:434:13
activity#com.mtcent.funnymeet.ui.activity.my.myinterest.MyInterestActivity
ADDED from AndroidManifest.xml:439:9
	android:screenOrientation
		ADDED from AndroidManifest.xml:442:13
	android:windowSoftInputMode
		ADDED from AndroidManifest.xml:443:13
	android:configChanges
		ADDED from AndroidManifest.xml:441:13
	android:name
		ADDED from AndroidManifest.xml:440:13
activity#com.mtcent.funnymeet.ui.activity.my.myprofile.UpdateMyAddressActivity
ADDED from AndroidManifest.xml:445:9
	android:screenOrientation
		ADDED from AndroidManifest.xml:448:13
	android:windowSoftInputMode
		ADDED from AndroidManifest.xml:449:13
	android:configChanges
		ADDED from AndroidManifest.xml:447:13
	android:name
		ADDED from AndroidManifest.xml:446:13
activity#com.mtcent.funnymeet.ui.activity.my.setting.SettingMyAccountSettingActivity
ADDED from AndroidManifest.xml:451:9
	android:screenOrientation
		ADDED from AndroidManifest.xml:454:13
	android:windowSoftInputMode
		ADDED from AndroidManifest.xml:455:13
	android:configChanges
		ADDED from AndroidManifest.xml:453:13
	android:name
		ADDED from AndroidManifest.xml:452:13
activity#com.mtcent.funnymeet.ui.activity.my.setting.AboutActivity
ADDED from AndroidManifest.xml:457:9
	android:screenOrientation
		ADDED from AndroidManifest.xml:460:13
	android:windowSoftInputMode
		ADDED from AndroidManifest.xml:461:13
	android:configChanges
		ADDED from AndroidManifest.xml:459:13
	android:name
		ADDED from AndroidManifest.xml:458:13
activity#com.mtcent.funnymeet.ui.activity.my.setting.UpdateEmailActivity
ADDED from AndroidManifest.xml:463:9
	android:screenOrientation
		ADDED from AndroidManifest.xml:466:13
	android:windowSoftInputMode
		ADDED from AndroidManifest.xml:467:13
	android:configChanges
		ADDED from AndroidManifest.xml:465:13
	android:name
		ADDED from AndroidManifest.xml:464:13
activity#com.mtcent.funnymeet.ui.activity.my.setting.UpdateSingleItemActivity
ADDED from AndroidManifest.xml:469:9
	android:screenOrientation
		ADDED from AndroidManifest.xml:472:13
	android:windowSoftInputMode
		ADDED from AndroidManifest.xml:473:13
	android:configChanges
		ADDED from AndroidManifest.xml:471:13
	android:name
		ADDED from AndroidManifest.xml:470:13
activity#com.mtcent.funnymeet.ui.activity.my.setting.UpdateQQActivity
ADDED from AndroidManifest.xml:475:9
	android:screenOrientation
		ADDED from AndroidManifest.xml:478:13
	android:windowSoftInputMode
		ADDED from AndroidManifest.xml:479:13
	android:configChanges
		ADDED from AndroidManifest.xml:477:13
	android:name
		ADDED from AndroidManifest.xml:476:13
activity#com.mtcent.funnymeet.ui.activity.my.setting.UpdateMobileActivity
ADDED from AndroidManifest.xml:481:9
	android:screenOrientation
		ADDED from AndroidManifest.xml:484:13
	android:windowSoftInputMode
		ADDED from AndroidManifest.xml:485:13
	android:configChanges
		ADDED from AndroidManifest.xml:483:13
	android:name
		ADDED from AndroidManifest.xml:482:13
activity#com.mtcent.funnymeet.ui.activity.my.setting.UpdateFunnymeetIdActivity
ADDED from AndroidManifest.xml:487:9
	android:screenOrientation
		ADDED from AndroidManifest.xml:490:13
	android:windowSoftInputMode
		ADDED from AndroidManifest.xml:491:13
	android:configChanges
		ADDED from AndroidManifest.xml:489:13
	android:name
		ADDED from AndroidManifest.xml:488:13
activity#com.mtcent.funnymeet.ui.activity.my.setting.UpdatePasswordActivity
ADDED from AndroidManifest.xml:493:9
	android:screenOrientation
		ADDED from AndroidManifest.xml:496:13
	android:windowSoftInputMode
		ADDED from AndroidManifest.xml:497:13
	android:configChanges